0 info it worked if it ends with ok
1 verbose cli [ 'node', '/usr/local/bin/npm', 'publish' ]
2 info using npm@1.3.15
3 info using node@v0.10.22
4 verbose publish [ '.' ]
5 verbose cache add [ '.', null ]
6 verbose cache add name=undefined spec="." args=[".",null]
7 verbose parsed url { protocol: null,
7 verbose parsed url   slashes: null,
7 verbose parsed url   auth: null,
7 verbose parsed url   host: null,
7 verbose parsed url   port: null,
7 verbose parsed url   hostname: null,
7 verbose parsed url   hash: null,
7 verbose parsed url   search: null,
7 verbose parsed url   query: null,
7 verbose parsed url   pathname: '.',
7 verbose parsed url   path: '.',
7 verbose parsed url   href: '.' }
8 silly lockFile 3a52ce78- .
9 verbose lock . /Users/Liuchenling/.npm/3a52ce78-.lock
10 verbose tar pack [ '/var/folders/1v/tb7hydw908x0rfmp5124hrxr0000gn/T/npm-762-y11v4Agk/1393761036237-0.800442977109924/tmp.tgz',
10 verbose tar pack   '.' ]
11 verbose tarball /var/folders/1v/tb7hydw908x0rfmp5124hrxr0000gn/T/npm-762-y11v4Agk/1393761036237-0.800442977109924/tmp.tgz
12 verbose folder .
13 info prepublish zero-blog@0.1.2
14 silly lockFile 1f1177db-tar tar://.
15 verbose lock tar://. /Users/Liuchenling/.npm/1f1177db-tar.lock
16 silly lockFile 326e55ff-036237-0-800442977109924-tmp-tgz tar:///var/folders/1v/tb7hydw908x0rfmp5124hrxr0000gn/T/npm-762-y11v4Agk/1393761036237-0.800442977109924/tmp.tgz
17 verbose lock tar:///var/folders/1v/tb7hydw908x0rfmp5124hrxr0000gn/T/npm-762-y11v4Agk/1393761036237-0.800442977109924/tmp.tgz /Users/Liuchenling/.npm/326e55ff-036237-0-800442977109924-tmp-tgz.lock
18 silly lockFile 1f1177db-tar tar://.
19 silly lockFile 1f1177db-tar tar://.
20 silly lockFile 326e55ff-036237-0-800442977109924-tmp-tgz tar:///var/folders/1v/tb7hydw908x0rfmp5124hrxr0000gn/T/npm-762-y11v4Agk/1393761036237-0.800442977109924/tmp.tgz
21 silly lockFile 326e55ff-036237-0-800442977109924-tmp-tgz tar:///var/folders/1v/tb7hydw908x0rfmp5124hrxr0000gn/T/npm-762-y11v4Agk/1393761036237-0.800442977109924/tmp.tgz
22 verbose tar unpack /var/folders/1v/tb7hydw908x0rfmp5124hrxr0000gn/T/npm-762-y11v4Agk/1393761036237-0.800442977109924/tmp.tgz
23 silly lockFile afb66137-036237-0-800442977109924-package tar:///var/folders/1v/tb7hydw908x0rfmp5124hrxr0000gn/T/npm-762-y11v4Agk/1393761036237-0.800442977109924/package
24 verbose lock tar:///var/folders/1v/tb7hydw908x0rfmp5124hrxr0000gn/T/npm-762-y11v4Agk/1393761036237-0.800442977109924/package /Users/Liuchenling/.npm/afb66137-036237-0-800442977109924-package.lock
25 silly lockFile 326e55ff-036237-0-800442977109924-tmp-tgz tar:///var/folders/1v/tb7hydw908x0rfmp5124hrxr0000gn/T/npm-762-y11v4Agk/1393761036237-0.800442977109924/tmp.tgz
26 verbose lock tar:///var/folders/1v/tb7hydw908x0rfmp5124hrxr0000gn/T/npm-762-y11v4Agk/1393761036237-0.800442977109924/tmp.tgz /Users/Liuchenling/.npm/326e55ff-036237-0-800442977109924-tmp-tgz.lock
27 silly gunzTarPerm modes [ '755', '644' ]
28 silly gunzTarPerm extractEntry package.json
29 silly gunzTarPerm modified mode [ 'package.json', 511, 493 ]
30 silly gunzTarPerm extractEntry .npmignore
31 silly gunzTarPerm extractEntry README.md
32 silly gunzTarPerm extractEntry LICENSE
33 silly gunzTarPerm extractEntry nb.js
34 silly gunzTarPerm modified mode [ 'nb.js', 511, 493 ]
35 silly gunzTarPerm extractEntry settings.js
36 silly gunzTarPerm extractEntry models/db.js
37 silly gunzTarPerm extractEntry models/emotion.js
38 silly gunzTarPerm extractEntry models/gallery.js
39 silly gunzTarPerm extractEntry models/gettime.js
40 silly gunzTarPerm extractEntry models/link.js
41 silly gunzTarPerm extractEntry models/post.js
42 silly gunzTarPerm extractEntry models/user.js
43 silly gunzTarPerm extractEntry public/admin/css/invalid.css
44 silly gunzTarPerm extractEntry public/admin/css/reset.css
45 silly gunzTarPerm extractEntry public/admin/css/style.css
46 silly gunzTarPerm extractEntry public/admin/images/bg-radial-gradient.gif
47 silly gunzTarPerm extractEntry public/admin/images/Thumbs.db
48 silly gunzTarPerm extractEntry public/admin/images/bg-body.gif
49 silly gunzTarPerm extractEntry public/admin/images/bg-button-green.gif
50 silly gunzTarPerm extractEntry public/admin/images/bg-content-box.gif
51 silly gunzTarPerm extractEntry public/admin/images/bg-form-field.gif
52 silly gunzTarPerm extractEntry public/admin/images/bg-login-top.png
53 silly gunzTarPerm extractEntry public/admin/images/bg-login.gif
54 silly gunzTarPerm extractEntry public/admin/images/bg-menu-item-current.gif
55 silly gunzTarPerm extractEntry public/admin/images/bg-menu-item-green.gif
56 silly gunzTarPerm extractEntry public/admin/images/b.png
57 silly gunzTarPerm extractEntry public/admin/images/bg-sidebar.gif
58 silly gunzTarPerm extractEntry public/admin/images/bl.png
59 silly gunzTarPerm extractEntry public/admin/images/br.png
60 silly gunzTarPerm extractEntry public/admin/images/icons/hammer_screwdriver.png
61 silly gunzTarPerm extractEntry public/admin/images/icons/bullet_black.png
62 silly gunzTarPerm extractEntry public/admin/images/icons/comment_48.png
63 silly gunzTarPerm extractEntry public/admin/images/icons/cross.png
64 silly gunzTarPerm extractEntry public/admin/images/icons/cross_circle.png
65 silly gunzTarPerm extractEntry public/admin/images/icons/cross_grey_small.png
66 silly gunzTarPerm extractEntry public/admin/images/icons/exclamation.png
67 silly gunzTarPerm extractEntry public/admin/images/icons/clock_48.png
68 silly gunzTarPerm extractEntry public/admin/images/icons/image_add_48.png
69 silly gunzTarPerm extractEntry public/admin/images/icons/information.png
70 silly gunzTarPerm extractEntry public/admin/images/icons/jquery.wysiwyg.gif
71 silly gunzTarPerm extractEntry public/admin/images/icons/paper_content_pencil_48.png
72 silly gunzTarPerm extractEntry public/admin/images/icons/pencil.png
73 silly gunzTarPerm extractEntry public/admin/images/icons/pencil_48.png
74 silly gunzTarPerm extractEntry public/admin/images/icons/tick_circle.png
75 silly gunzTarPerm extractEntry public/admin/images/logo.png
76 silly gunzTarPerm extractEntry public/admin/images/menu-current-arrow.gif
77 silly gunzTarPerm extractEntry public/admin/images/shortcut-button-bg.gif
78 silly gunzTarPerm extractEntry public/admin/images/tl.png
79 silly gunzTarPerm extractEntry public/admin/images/tr.png
80 silly gunzTarPerm extractEntry public/admin/scripts/common.js
81 silly gunzTarPerm extractEntry public/admin/scripts/facebox.js
82 silly gunzTarPerm extractEntry public/admin/scripts/jquery-1.3.2.min.js
83 silly gunzTarPerm extractEntry public/admin/scripts/jquery.date.js
84 silly gunzTarPerm extractEntry public/admin/scripts/jquery.datePicker.js
85 silly gunzTarPerm extractEntry public/admin/scripts/jquery.wysiwyg.js
86 silly gunzTarPerm extractEntry public/admin/scripts/simpla.jquery.configuration.js
87 silly gunzTarPerm extractEntry public/coverflow/css/bootstrap.css
88 silly gunzTarPerm extractEntry public/coverflow/css/flat-ui.css
89 silly gunzTarPerm extractEntry public/coverflow/css/slimbox2.css
90 silly gunzTarPerm extractEntry public/coverflow/css/user.css
91 silly gunzTarPerm extractEntry public/coverflow/css/user.less
92 silly gunzTarPerm extractEntry public/coverflow/fonts/glyphicons-halflings-regular.eot
93 silly gunzTarPerm extractEntry public/coverflow/fonts/Flat-UI-Icons.dev.svg
94 silly gunzTarPerm extractEntry public/coverflow/fonts/Flat-UI-Icons.svg
95 silly gunzTarPerm extractEntry public/coverflow/fonts/Flat-UI-Icons.ttf
96 silly gunzTarPerm extractEntry public/coverflow/fonts/Flat-UI-Icons.woff
97 silly gunzTarPerm extractEntry public/coverflow/fonts/Flat-UI-Icons.eot
98 silly gunzTarPerm extractEntry public/coverflow/fonts/glyphicons-halflings-regular.svg
99 silly gunzTarPerm extractEntry public/coverflow/fonts/glyphicons-halflings-regular.ttf
100 silly gunzTarPerm extractEntry public/coverflow/fonts/glyphicons-halflings-regular.woff
101 silly gunzTarPerm extractEntry public/coverflow/fonts/icomoon-session.json
102 silly gunzTarPerm extractEntry public/coverflow/fonts/lato/lato-italic-webfont.eot
103 silly gunzTarPerm extractEntry public/coverflow/fonts/lato/lato-black-webfont.eot
104 silly gunzTarPerm extractEntry public/coverflow/fonts/lato/lato-black-webfont.ttf
105 silly gunzTarPerm extractEntry public/coverflow/fonts/lato/lato-black-webfont.woff
106 silly gunzTarPerm extractEntry public/coverflow/fonts/lato/lato-bold-webfont.eot
107 silly gunzTarPerm extractEntry public/coverflow/fonts/lato/lato-bold-webfont.svg
108 silly gunzTarPerm extractEntry public/coverflow/fonts/lato/lato-bold-webfont.ttf
109 silly gunzTarPerm extractEntry public/coverflow/fonts/lato/lato-bold-webfont.woff
110 silly gunzTarPerm extractEntry public/coverflow/fonts/lato/lato-bolditalic-webfont.eot
111 silly gunzTarPerm extractEntry public/coverflow/fonts/lato/lato-bolditalic-webfont.svg
112 silly gunzTarPerm extractEntry public/coverflow/fonts/lato/lato-bolditalic-webfont.ttf
113 silly gunzTarPerm extractEntry public/coverflow/fonts/lato/lato-bolditalic-webfont.woff
114 silly gunzTarPerm extractEntry public/coverflow/fonts/lato/lato-black-webfont.svg
115 silly gunzTarPerm extractEntry public/coverflow/fonts/lato/lato-italic-webfont.svg
116 silly gunzTarPerm extractEntry public/coverflow/fonts/lato/lato-italic-webfont.ttf
117 silly gunzTarPerm extractEntry public/coverflow/fonts/lato/lato-italic-webfont.woff
118 silly gunzTarPerm extractEntry public/coverflow/fonts/lato/lato-light-webfont.eot
119 silly gunzTarPerm extractEntry public/coverflow/fonts/lato/lato-light-webfont.svg
120 silly gunzTarPerm extractEntry public/coverflow/fonts/lato/lato-light-webfont.ttf
121 silly gunzTarPerm extractEntry public/coverflow/fonts/lato/lato-light-webfont.woff
122 silly gunzTarPerm extractEntry public/coverflow/fonts/lato/lato-regular-webfont.eot
123 silly gunzTarPerm extractEntry public/coverflow/fonts/lato/lato-regular-webfont.svg
124 silly gunzTarPerm extractEntry public/coverflow/fonts/lato/lato-regular-webfont.ttf
125 silly gunzTarPerm extractEntry public/coverflow/fonts/lato/lato-regular-webfont.woff
126 silly gunzTarPerm extractEntry public/coverflow/images/closelabel.gif
127 silly gunzTarPerm extractEntry public/coverflow/images/loading.gif
128 silly gunzTarPerm extractEntry public/coverflow/images/nextlabel.gif
129 silly gunzTarPerm extractEntry public/coverflow/images/prevlabel.gif
130 silly gunzTarPerm extractEntry public/coverflow/js/application.js
131 silly gunzTarPerm extractEntry public/coverflow/js/flatui-radio.js
132 silly gunzTarPerm extractEntry public/coverflow/js/flow.js
133 silly gunzTarPerm extractEntry public/coverflow/js/html5shiv.js
134 silly gunzTarPerm extractEntry public/coverflow/js/icon-font-ie7.js
135 silly gunzTarPerm extractEntry public/coverflow/js/flatui-fileinput.js
136 silly gunzTarPerm extractEntry public/coverflow/js/jquery-1.8.3.min.js
137 silly gunzTarPerm extractEntry public/coverflow/js/jquery-2.0.3.min.js
138 silly gunzTarPerm extractEntry public/coverflow/js/jquery-ui-1.10.3.custom.min.js
139 silly gunzTarPerm extractEntry public/coverflow/js/jquery.placeholder.js
140 silly gunzTarPerm extractEntry public/coverflow/js/jquery.stacktable.js
141 silly gunzTarPerm extractEntry public/coverflow/js/flatui-checkbox.js
142 silly gunzTarPerm extractEntry public/coverflow/js/jquery.tagsinput.js
143 silly gunzTarPerm extractEntry public/coverflow/js/bootstrap.min.js
144 silly gunzTarPerm extractEntry public/coverflow/js/jquery.ui.touch-punch.min.js
145 silly gunzTarPerm extractEntry public/coverflow/js/bootstrap-typeahead.js
146 silly gunzTarPerm extractEntry public/coverflow/js/reflection.js
147 silly gunzTarPerm extractEntry public/coverflow/js/bootstrap-switch.js
148 silly gunzTarPerm extractEntry public/coverflow/js/respond.min.js
149 silly gunzTarPerm extractEntry public/coverflow/js/bootstrap-select.js
150 silly gunzTarPerm extractEntry public/coverflow/js/slimbox2.js
151 silly gunzTarPerm extractEntry public/coverflow/js/jquery-1.10.2.min.js
152 silly gunzTarPerm extractEntry public/images/close.png
153 silly gunzTarPerm extractEntry public/images/favicon.ico
154 silly gunzTarPerm extractEntry public/images/format_ico.png
155 silly gunzTarPerm modified mode [ 'public/images/format_ico.png', 384, 420 ]
156 silly gunzTarPerm extractEntry public/javascripts/comment.js
157 silly gunzTarPerm extractEntry public/javascripts/function.js
158 silly gunzTarPerm extractEntry public/javascripts/highlight.pack.js
159 silly gunzTarPerm modified mode [ 'public/javascripts/highlight.pack.js', 384, 420 ]
160 silly gunzTarPerm extractEntry public/stylesheets/highlights_zero.css
161 silly gunzTarPerm modified mode [ 'public/stylesheets/highlights_zero.css', 436, 420 ]
162 silly gunzTarPerm extractEntry public/stylesheets/style.css
163 silly gunzTarPerm extractEntry public/stylesheets/style.less
164 silly gunzTarPerm extractEntry routes/index.js
165 silly gunzTarPerm modified mode [ 'routes/index.js', 511, 493 ]
166 silly gunzTarPerm extractEntry routes/reg.js
167 silly gunzTarPerm extractEntry views/module.comment.ejs
168 silly gunzTarPerm extractEntry views/404.ejs
169 silly gunzTarPerm extractEntry views/emotions.ejs
170 silly gunzTarPerm modified mode [ 'views/emotions.ejs', 511, 493 ]
171 silly gunzTarPerm extractEntry views/footer.ejs
172 silly gunzTarPerm extractEntry views/galleries.ejs
173 silly gunzTarPerm extractEntry views/header.ejs
174 silly gunzTarPerm extractEntry views/index.ejs
175 silly gunzTarPerm modified mode [ 'views/index.ejs', 511, 493 ]
176 silly gunzTarPerm extractEntry views/admin/links.ejs
177 silly gunzTarPerm extractEntry views/admin/emotion-del.ejs
178 silly gunzTarPerm extractEntry views/admin/emotions.ejs
179 silly gunzTarPerm extractEntry views/admin/footer.ejs
180 silly gunzTarPerm extractEntry views/admin/header.ejs
181 silly gunzTarPerm extractEntry views/admin/index.ejs
182 silly gunzTarPerm extractEntry views/admin/link-del.ejs
183 silly gunzTarPerm extractEntry views/admin/link-edit.ejs
184 silly gunzTarPerm extractEntry views/admin/emotion-edit.ejs
185 silly gunzTarPerm extractEntry views/admin/login.ejs
186 silly gunzTarPerm extractEntry views/admin/post-del.ejs
187 silly gunzTarPerm extractEntry views/admin/post-edit.ejs
188 silly gunzTarPerm extractEntry views/admin/posts.ejs
189 silly gunzTarPerm extractEntry views/admin/reg.ejs
190 silly gunzTarPerm extractEntry views/admin/site.ejs
191 silly gunzTarPerm extractEntry views/admin/user.ejs
192 silly gunzTarPerm extractEntry views/module.emotion.ejs
193 silly gunzTarPerm extractEntry views/module.gallery.ejs
194 silly gunzTarPerm extractEntry views/module.link.ejs
195 silly gunzTarPerm extractEntry views/module.more.ejs
196 silly gunzTarPerm extractEntry views/module.post.ejs
197 silly gunzTarPerm extractEntry views/posts.ejs
198 silly gunzTarPerm modified mode [ 'views/posts.ejs', 511, 493 ]
199 silly lockFile afb66137-036237-0-800442977109924-package tar:///var/folders/1v/tb7hydw908x0rfmp5124hrxr0000gn/T/npm-762-y11v4Agk/1393761036237-0.800442977109924/package
200 silly lockFile afb66137-036237-0-800442977109924-package tar:///var/folders/1v/tb7hydw908x0rfmp5124hrxr0000gn/T/npm-762-y11v4Agk/1393761036237-0.800442977109924/package
201 silly lockFile 326e55ff-036237-0-800442977109924-tmp-tgz tar:///var/folders/1v/tb7hydw908x0rfmp5124hrxr0000gn/T/npm-762-y11v4Agk/1393761036237-0.800442977109924/tmp.tgz
202 silly lockFile 326e55ff-036237-0-800442977109924-tmp-tgz tar:///var/folders/1v/tb7hydw908x0rfmp5124hrxr0000gn/T/npm-762-y11v4Agk/1393761036237-0.800442977109924/tmp.tgz
203 verbose tar pack [ '/Users/Liuchenling/.npm/zero-blog/0.1.2/package.tgz',
203 verbose tar pack   '/var/folders/1v/tb7hydw908x0rfmp5124hrxr0000gn/T/npm-762-y11v4Agk/1393761036237-0.800442977109924/package' ]
204 verbose tarball /Users/Liuchenling/.npm/zero-blog/0.1.2/package.tgz
205 verbose folder /var/folders/1v/tb7hydw908x0rfmp5124hrxr0000gn/T/npm-762-y11v4Agk/1393761036237-0.800442977109924/package
206 silly lockFile afb66137-036237-0-800442977109924-package tar:///var/folders/1v/tb7hydw908x0rfmp5124hrxr0000gn/T/npm-762-y11v4Agk/1393761036237-0.800442977109924/package
207 verbose lock tar:///var/folders/1v/tb7hydw908x0rfmp5124hrxr0000gn/T/npm-762-y11v4Agk/1393761036237-0.800442977109924/package /Users/Liuchenling/.npm/afb66137-036237-0-800442977109924-package.lock
208 silly lockFile 1f1de25c--npm-zero-blog-0-1-2-package-tgz tar:///Users/Liuchenling/.npm/zero-blog/0.1.2/package.tgz
209 verbose lock tar:///Users/Liuchenling/.npm/zero-blog/0.1.2/package.tgz /Users/Liuchenling/.npm/1f1de25c--npm-zero-blog-0-1-2-package-tgz.lock
210 silly lockFile afb66137-036237-0-800442977109924-package tar:///var/folders/1v/tb7hydw908x0rfmp5124hrxr0000gn/T/npm-762-y11v4Agk/1393761036237-0.800442977109924/package
211 silly lockFile afb66137-036237-0-800442977109924-package tar:///var/folders/1v/tb7hydw908x0rfmp5124hrxr0000gn/T/npm-762-y11v4Agk/1393761036237-0.800442977109924/package
212 silly lockFile 1f1de25c--npm-zero-blog-0-1-2-package-tgz tar:///Users/Liuchenling/.npm/zero-blog/0.1.2/package.tgz
213 silly lockFile 1f1de25c--npm-zero-blog-0-1-2-package-tgz tar:///Users/Liuchenling/.npm/zero-blog/0.1.2/package.tgz
214 silly lockFile 1baf71c3-ling-npm-zero-blog-0-1-2-package /Users/Liuchenling/.npm/zero-blog/0.1.2/package
215 verbose lock /Users/Liuchenling/.npm/zero-blog/0.1.2/package /Users/Liuchenling/.npm/1baf71c3-ling-npm-zero-blog-0-1-2-package.lock
216 silly lockFile 1baf71c3-ling-npm-zero-blog-0-1-2-package /Users/Liuchenling/.npm/zero-blog/0.1.2/package
217 silly lockFile 1baf71c3-ling-npm-zero-blog-0-1-2-package /Users/Liuchenling/.npm/zero-blog/0.1.2/package
218 verbose tar unpack /Users/Liuchenling/.npm/zero-blog/0.1.2/package.tgz
219 silly lockFile ee7b8cb2-ling-npm-zero-blog-0-1-2-package tar:///Users/Liuchenling/.npm/zero-blog/0.1.2/package
220 verbose lock tar:///Users/Liuchenling/.npm/zero-blog/0.1.2/package /Users/Liuchenling/.npm/ee7b8cb2-ling-npm-zero-blog-0-1-2-package.lock
221 silly lockFile 1f1de25c--npm-zero-blog-0-1-2-package-tgz tar:///Users/Liuchenling/.npm/zero-blog/0.1.2/package.tgz
222 verbose lock tar:///Users/Liuchenling/.npm/zero-blog/0.1.2/package.tgz /Users/Liuchenling/.npm/1f1de25c--npm-zero-blog-0-1-2-package-tgz.lock
223 silly gunzTarPerm modes [ '755', '644' ]
224 silly gunzTarPerm extractEntry package.json
225 silly gunzTarPerm extractEntry .npmignore
226 silly gunzTarPerm extractEntry README.md
227 silly gunzTarPerm extractEntry LICENSE
228 silly gunzTarPerm extractEntry nb.js
229 silly gunzTarPerm extractEntry settings.js
230 silly gunzTarPerm extractEntry models/db.js
231 silly gunzTarPerm extractEntry models/emotion.js
232 silly gunzTarPerm extractEntry models/gallery.js
233 silly gunzTarPerm extractEntry models/gettime.js
234 silly gunzTarPerm extractEntry models/link.js
235 silly gunzTarPerm extractEntry models/post.js
236 silly gunzTarPerm extractEntry models/user.js
237 silly gunzTarPerm extractEntry public/admin/css/invalid.css
238 silly gunzTarPerm extractEntry public/admin/css/reset.css
239 silly gunzTarPerm extractEntry public/admin/css/style.css
240 silly gunzTarPerm extractEntry public/admin/images/bg-radial-gradient.gif
241 silly gunzTarPerm extractEntry public/admin/images/Thumbs.db
242 silly gunzTarPerm extractEntry public/admin/images/bg-body.gif
243 silly gunzTarPerm extractEntry public/admin/images/bg-button-green.gif
244 silly gunzTarPerm extractEntry public/admin/images/bg-content-box.gif
245 silly gunzTarPerm extractEntry public/admin/images/bg-form-field.gif
246 silly gunzTarPerm extractEntry public/admin/images/bg-login-top.png
247 silly gunzTarPerm extractEntry public/admin/images/bg-login.gif
248 silly gunzTarPerm extractEntry public/admin/images/bg-menu-item-current.gif
249 silly gunzTarPerm extractEntry public/admin/images/bg-menu-item-green.gif
250 silly gunzTarPerm extractEntry public/admin/images/b.png
251 silly gunzTarPerm extractEntry public/admin/images/bg-sidebar.gif
252 silly gunzTarPerm extractEntry public/admin/images/bl.png
253 silly gunzTarPerm extractEntry public/admin/images/br.png
254 silly gunzTarPerm extractEntry public/admin/images/icons/hammer_screwdriver.png
255 silly gunzTarPerm extractEntry public/admin/images/icons/bullet_black.png
256 silly gunzTarPerm extractEntry public/admin/images/icons/comment_48.png
257 silly gunzTarPerm extractEntry public/admin/images/icons/cross.png
258 silly gunzTarPerm extractEntry public/admin/images/icons/cross_circle.png
259 silly gunzTarPerm extractEntry public/admin/images/icons/cross_grey_small.png
260 silly gunzTarPerm extractEntry public/admin/images/icons/exclamation.png
261 silly gunzTarPerm extractEntry public/admin/images/icons/clock_48.png
262 silly gunzTarPerm extractEntry public/admin/images/icons/image_add_48.png
263 silly gunzTarPerm extractEntry public/admin/images/icons/information.png
264 silly gunzTarPerm extractEntry public/admin/images/icons/jquery.wysiwyg.gif
265 silly gunzTarPerm extractEntry public/admin/images/icons/paper_content_pencil_48.png
266 silly gunzTarPerm extractEntry public/admin/images/icons/pencil.png
267 silly gunzTarPerm extractEntry public/admin/images/icons/pencil_48.png
268 silly gunzTarPerm extractEntry public/admin/images/icons/tick_circle.png
269 silly gunzTarPerm extractEntry public/admin/images/logo.png
270 silly gunzTarPerm extractEntry public/admin/images/menu-current-arrow.gif
271 silly gunzTarPerm extractEntry public/admin/images/shortcut-button-bg.gif
272 silly gunzTarPerm extractEntry public/admin/images/tl.png
273 silly gunzTarPerm extractEntry public/admin/images/tr.png
274 silly gunzTarPerm extractEntry public/admin/scripts/common.js
275 silly gunzTarPerm extractEntry public/admin/scripts/facebox.js
276 silly gunzTarPerm extractEntry public/admin/scripts/jquery-1.3.2.min.js
277 silly gunzTarPerm extractEntry public/admin/scripts/jquery.date.js
278 silly gunzTarPerm extractEntry public/admin/scripts/jquery.datePicker.js
279 silly gunzTarPerm extractEntry public/admin/scripts/jquery.wysiwyg.js
280 silly gunzTarPerm extractEntry public/admin/scripts/simpla.jquery.configuration.js
281 silly gunzTarPerm extractEntry public/coverflow/css/bootstrap.css
282 silly gunzTarPerm extractEntry public/coverflow/css/flat-ui.css
283 silly gunzTarPerm extractEntry public/coverflow/css/slimbox2.css
284 silly gunzTarPerm extractEntry public/coverflow/css/user.css
285 silly gunzTarPerm extractEntry public/coverflow/css/user.less
286 silly gunzTarPerm extractEntry public/coverflow/fonts/glyphicons-halflings-regular.eot
287 silly gunzTarPerm extractEntry public/coverflow/fonts/Flat-UI-Icons.dev.svg
288 silly gunzTarPerm extractEntry public/coverflow/fonts/Flat-UI-Icons.svg
289 silly gunzTarPerm extractEntry public/coverflow/fonts/Flat-UI-Icons.ttf
290 silly gunzTarPerm extractEntry public/coverflow/fonts/Flat-UI-Icons.woff
291 silly gunzTarPerm extractEntry public/coverflow/fonts/Flat-UI-Icons.eot
292 silly gunzTarPerm extractEntry public/coverflow/fonts/glyphicons-halflings-regular.svg
293 silly gunzTarPerm extractEntry public/coverflow/fonts/glyphicons-halflings-regular.ttf
294 silly gunzTarPerm extractEntry public/coverflow/fonts/glyphicons-halflings-regular.woff
295 silly gunzTarPerm extractEntry public/coverflow/fonts/icomoon-session.json
296 silly gunzTarPerm extractEntry public/coverflow/fonts/lato/lato-italic-webfont.eot
297 silly gunzTarPerm extractEntry public/coverflow/fonts/lato/lato-black-webfont.eot
298 silly gunzTarPerm extractEntry public/coverflow/fonts/lato/lato-black-webfont.ttf
299 silly gunzTarPerm extractEntry public/coverflow/fonts/lato/lato-black-webfont.woff
300 silly gunzTarPerm extractEntry public/coverflow/fonts/lato/lato-bold-webfont.eot
301 silly gunzTarPerm extractEntry public/coverflow/fonts/lato/lato-bold-webfont.svg
302 silly gunzTarPerm extractEntry public/coverflow/fonts/lato/lato-bold-webfont.ttf
303 silly gunzTarPerm extractEntry public/coverflow/fonts/lato/lato-bold-webfont.woff
304 silly gunzTarPerm extractEntry public/coverflow/fonts/lato/lato-bolditalic-webfont.eot
305 silly gunzTarPerm extractEntry public/coverflow/fonts/lato/lato-bolditalic-webfont.svg
306 silly gunzTarPerm extractEntry public/coverflow/fonts/lato/lato-bolditalic-webfont.ttf
307 silly gunzTarPerm extractEntry public/coverflow/fonts/lato/lato-bolditalic-webfont.woff
308 silly gunzTarPerm extractEntry public/coverflow/fonts/lato/lato-black-webfont.svg
309 silly gunzTarPerm extractEntry public/coverflow/fonts/lato/lato-italic-webfont.svg
310 silly gunzTarPerm extractEntry public/coverflow/fonts/lato/lato-italic-webfont.ttf
311 silly gunzTarPerm extractEntry public/coverflow/fonts/lato/lato-italic-webfont.woff
312 silly gunzTarPerm extractEntry public/coverflow/fonts/lato/lato-light-webfont.eot
313 silly gunzTarPerm extractEntry public/coverflow/fonts/lato/lato-light-webfont.svg
314 silly gunzTarPerm extractEntry public/coverflow/fonts/lato/lato-light-webfont.ttf
315 silly gunzTarPerm extractEntry public/coverflow/fonts/lato/lato-light-webfont.woff
316 silly gunzTarPerm extractEntry public/coverflow/fonts/lato/lato-regular-webfont.eot
317 silly gunzTarPerm extractEntry public/coverflow/fonts/lato/lato-regular-webfont.svg
318 silly gunzTarPerm extractEntry public/coverflow/fonts/lato/lato-regular-webfont.ttf
319 silly gunzTarPerm extractEntry public/coverflow/fonts/lato/lato-regular-webfont.woff
320 silly gunzTarPerm extractEntry public/coverflow/images/closelabel.gif
321 silly gunzTarPerm extractEntry public/coverflow/images/loading.gif
322 silly gunzTarPerm extractEntry public/coverflow/images/nextlabel.gif
323 silly gunzTarPerm extractEntry public/coverflow/images/prevlabel.gif
324 silly gunzTarPerm extractEntry public/coverflow/js/application.js
325 silly gunzTarPerm extractEntry public/coverflow/js/flatui-radio.js
326 silly gunzTarPerm extractEntry public/coverflow/js/flow.js
327 silly gunzTarPerm extractEntry public/coverflow/js/html5shiv.js
328 silly gunzTarPerm extractEntry public/coverflow/js/icon-font-ie7.js
329 silly gunzTarPerm extractEntry public/coverflow/js/flatui-fileinput.js
330 silly gunzTarPerm extractEntry public/coverflow/js/jquery-1.8.3.min.js
331 silly gunzTarPerm extractEntry public/coverflow/js/jquery-2.0.3.min.js
332 silly gunzTarPerm extractEntry public/coverflow/js/jquery-ui-1.10.3.custom.min.js
333 silly gunzTarPerm extractEntry public/coverflow/js/jquery.placeholder.js
334 silly gunzTarPerm extractEntry public/coverflow/js/jquery.stacktable.js
335 silly gunzTarPerm extractEntry public/coverflow/js/flatui-checkbox.js
336 silly gunzTarPerm extractEntry public/coverflow/js/jquery.tagsinput.js
337 silly gunzTarPerm extractEntry public/coverflow/js/bootstrap.min.js
338 silly gunzTarPerm extractEntry public/coverflow/js/jquery.ui.touch-punch.min.js
339 silly gunzTarPerm extractEntry public/coverflow/js/bootstrap-typeahead.js
340 silly gunzTarPerm extractEntry public/coverflow/js/reflection.js
341 silly gunzTarPerm extractEntry public/coverflow/js/bootstrap-switch.js
342 silly gunzTarPerm extractEntry public/coverflow/js/respond.min.js
343 silly gunzTarPerm extractEntry public/coverflow/js/bootstrap-select.js
344 silly gunzTarPerm extractEntry public/coverflow/js/slimbox2.js
345 silly gunzTarPerm extractEntry public/coverflow/js/jquery-1.10.2.min.js
346 silly gunzTarPerm extractEntry public/images/close.png
347 silly gunzTarPerm extractEntry public/images/favicon.ico
348 silly gunzTarPerm extractEntry public/images/format_ico.png
349 silly gunzTarPerm extractEntry public/javascripts/comment.js
350 silly gunzTarPerm extractEntry public/javascripts/function.js
351 silly gunzTarPerm extractEntry public/javascripts/highlight.pack.js
352 silly gunzTarPerm extractEntry public/stylesheets/highlights_zero.css
353 silly gunzTarPerm extractEntry public/stylesheets/style.css
354 silly gunzTarPerm extractEntry public/stylesheets/style.less
355 silly gunzTarPerm extractEntry routes/index.js
356 silly gunzTarPerm extractEntry routes/reg.js
357 silly gunzTarPerm extractEntry views/module.comment.ejs
358 silly gunzTarPerm extractEntry views/404.ejs
359 silly gunzTarPerm extractEntry views/emotions.ejs
360 silly gunzTarPerm extractEntry views/footer.ejs
361 silly gunzTarPerm extractEntry views/galleries.ejs
362 silly gunzTarPerm extractEntry views/header.ejs
363 silly gunzTarPerm extractEntry views/index.ejs
364 silly gunzTarPerm extractEntry views/admin/links.ejs
365 silly gunzTarPerm extractEntry views/admin/emotion-del.ejs
366 silly gunzTarPerm extractEntry views/admin/emotions.ejs
367 silly gunzTarPerm extractEntry views/admin/footer.ejs
368 silly gunzTarPerm extractEntry views/admin/header.ejs
369 silly gunzTarPerm extractEntry views/admin/index.ejs
370 silly gunzTarPerm extractEntry views/admin/link-del.ejs
371 silly gunzTarPerm extractEntry views/admin/link-edit.ejs
372 silly gunzTarPerm extractEntry views/admin/emotion-edit.ejs
373 silly gunzTarPerm extractEntry views/admin/login.ejs
374 silly gunzTarPerm extractEntry views/admin/post-del.ejs
375 silly gunzTarPerm extractEntry views/admin/post-edit.ejs
376 silly gunzTarPerm extractEntry views/admin/posts.ejs
377 silly gunzTarPerm extractEntry views/admin/reg.ejs
378 silly gunzTarPerm extractEntry views/admin/site.ejs
379 silly gunzTarPerm extractEntry views/admin/user.ejs
380 silly gunzTarPerm extractEntry views/module.emotion.ejs
381 silly gunzTarPerm extractEntry views/module.gallery.ejs
382 silly gunzTarPerm extractEntry views/module.link.ejs
383 silly gunzTarPerm extractEntry views/module.more.ejs
384 silly gunzTarPerm extractEntry views/module.post.ejs
385 silly gunzTarPerm extractEntry views/posts.ejs
386 silly lockFile ee7b8cb2-ling-npm-zero-blog-0-1-2-package tar:///Users/Liuchenling/.npm/zero-blog/0.1.2/package
387 silly lockFile ee7b8cb2-ling-npm-zero-blog-0-1-2-package tar:///Users/Liuchenling/.npm/zero-blog/0.1.2/package
388 silly lockFile 1f1de25c--npm-zero-blog-0-1-2-package-tgz tar:///Users/Liuchenling/.npm/zero-blog/0.1.2/package.tgz
389 silly lockFile 1f1de25c--npm-zero-blog-0-1-2-package-tgz tar:///Users/Liuchenling/.npm/zero-blog/0.1.2/package.tgz
390 verbose chmod /Users/Liuchenling/.npm/zero-blog/0.1.2/package.tgz 644
391 verbose chown /Users/Liuchenling/.npm/zero-blog/0.1.2/package.tgz [ 501, 20 ]
392 silly lockFile 3a52ce78- .
393 silly lockFile 3a52ce78- .
394 silly publish { name: 'zero-blog',
394 silly publish   version: '0.1.2',
394 silly publish   description: 'A beautiful & useful blog system using Node.js.',
394 silly publish   repository:
394 silly publish    { type: 'git',
394 silly publish      url: 'http://github.com/wssgcg1213/zero-blog.git' },
394 silly publish   author: { name: 'ZeroLing', url: 'http://zeroling.com' },
394 silly publish   scripts: { start: 'node nb.js' },
394 silly publish   dependencies:
394 silly publish    { express: '~3.4.8',
394 silly publish      ejs: '~0.8.5',
394 silly publish      marked: '~0.3.0',
394 silly publish      mongodb: '~1.3.23',
394 silly publish      'connect-mongo': '~0.4.0',
394 silly publish      'connect-flash': '~0.1.1' },
394 silly publish   devDependencies: {},
394 silly publish   readmeFilename: 'README.md',
394 silly publish   homepage: 'https://github.com/wssgcg1213/zero-blog',
394 silly publish   readme: '# Zero-Blog\n\nA beautiful & useful blog system using Node.js.\n\n## Installation\n\n### Via Git\n\n``` bash\n    git clone https://github.com/wssgcg1213/zero-blog.git\n    cd zero-blog\n    npm install\n```\n\nThen **Edit** settings.js to your environment.\n### Run\n\n``` bash\n\tnode nb\n```\n\nand browse ```http://127.0.0.1:8888```\n\n## Usage\n### Reg\nbrowse ```http://127.0.0.1:8888/admin/reg```  \n\n\n### Admin\nbrowse ```http://127.0.0.1:8888/admin```\n\n\n### Licence\n\nCopyright (c) 2014, Zeroling <wssgcg1213@qq.com>\nAll rights reserved.\n\nRedistribution and use in source and binary forms, with or without\nmodification, are permitted provided that the following conditions are met:\n\n    * Redistributions of source code must retain the above copyright notice,\n      this list of conditions and the following disclaimer.\n\n    * Redistributions in binary form must reproduce the above copyright notice,\n      this list of conditions and the following disclaimer in the documentation\n      and/or other materials provided with the distribution.\n\n    * Neither the name of forever-webui nor the names of its contributors\n      may be used to endorse or promote products derived from this software\n      without specific prior written permission.\n\nTHIS SOFTWARE IS PROVIDED BY THE COPYRIGHT HOLDERS AND CONTRIBUTORS "AS IS" AND\nANY EXPRESS OR IMPLIED WARRANTIES, INCLUDING, BUT NOT LIMITED TO, THE IMPLIED\nWARRANTIES OF MERCHANTABILITY AND FITNESS FOR A PARTICULAR PURPOSE ARE\nDISCLAIMED. IN NO EVENT SHALL THE COPYRIGHT HOLDER OR CONTRIBUTORS BE LIABLE\nFOR ANY DIRECT, INDIRECT, INCIDENTAL, SPECIAL, EXEMPLARY, OR CONSEQUENTIAL\nDAMAGES (INCLUDING, BUT NOT LIMITED TO, PROCUREMENT OF SUBSTITUTE GOODS OR\nSERVICES; LOSS OF USE, DATA, OR PROFITS; OR BUSINESS INTERRUPTION) HOWEVER\nCAUSED AND ON ANY THEORY OF LIABILITY, WHETHER IN CONTRACT, STRICT LIABILITY,\nOR TORT (INCLUDING NEGLIGENCE OR OTHERWISE) ARISING IN ANY WAY OUT OF THE USE\nOF THIS SOFTWARE, EVEN IF ADVISED OF THE POSSIBILITY OF SUCH DAMAGE.\n\n#### Author: [Zeroling][0]\n\n[0]: http://zeroling.com\n[1]: https://github.com/wssgcg1213',
394 silly publish   bugs: { url: 'https://github.com/wssgcg1213/zero-blog/issues' },
394 silly publish   _id: 'zero-blog@0.1.2',
394 silly publish   dist: { shasum: '6ce3c6bd4d905ec8fa0e3bd8d77ec0051acc3af2' },
394 silly publish   _from: '.' }
395 verbose url raw zero-blog
396 verbose url resolving [ 'https://registry.npmjs.org/', './zero-blog' ]
397 verbose url resolved https://registry.npmjs.org/zero-blog
398 info trying registry request attempt 1 at 19:50:38
399 http PUT https://registry.npmjs.org/zero-blog
400 http 201 https://registry.npmjs.org/zero-blog
401 verbose url raw zero-blog
402 verbose url resolving [ 'https://registry.npmjs.org/', './zero-blog' ]
403 verbose url resolved https://registry.npmjs.org/zero-blog
404 info trying registry request attempt 1 at 19:50:41
405 http GET https://registry.npmjs.org/zero-blog
406 http 200 https://registry.npmjs.org/zero-blog
407 error publish fail Cannot publish over existing version.
407 error publish fail Update the 'version' field in package.json and try again.
407 error publish fail
407 error publish fail If the previous version was published in error, see:
407 error publish fail     npm help unpublish
407 error publish fail
407 error publish fail To automatically increment version numbers, see:
407 error publish fail     npm help version
408 error System Darwin 13.1.0
409 error command "node" "/usr/local/bin/npm" "publish"
410 error cwd /Users/Liuchenling/Git/zero-blog
411 error node -v v0.10.22
412 error npm -v 1.3.15
413 error code EPUBLISHCONFLICT
414 verbose exit [ 1, true ]
